stdio    D         file_stdio.c:110  file_stdio_fopen                 [   0.00000] opening C:\Users\filli\OneDrive\Documentos\GitHub\BCC-Alegro\Enigma-Elementos\x64\Debug\allegro5.cfg r
system   D            wsystem.c:834  maybe_parent_dir                 [   0.00000] Also searching C:\Users\filli\OneDrive\Documentos\GitHub\BCC-Alegro\Enigma-Elementos\x64\
system   D            wsystem.c:889  _al_win_safe_load_library        [   0.00000] PathFindOnPath found: C:\WINDOWS\system32\shcore.dll
system   D            wsystem.c:795  load_library_at_path             [   0.00000] Calling LoadLibrary C:\WINDOWS\system32\shcore.dll
system   I            wsystem.c:798  load_library_at_path             [   0.00000] Loaded C:\WINDOWS\system32\shcore.dll
system   I             system.c:271  al_install_system                [   0.00000] Allegro version: 5.2.8
system   D            wsystem.c:834  maybe_parent_dir                 [   0.00025] Also searching C:\Users\filli\OneDrive\Documentos\GitHub\BCC-Alegro\Enigma-Elementos\x64\
system   D            wsystem.c:889  _al_win_safe_load_library        [   0.00038] PathFindOnPath found: C:\WINDOWS\system32\d3d9.dll
system   D            wsystem.c:795  load_library_at_path             [   0.00045] Calling LoadLibrary C:\WINDOWS\system32\d3d9.dll
system   I            wsystem.c:798  load_library_at_path             [   0.00253] Loaded C:\WINDOWS\system32\d3d9.dll
d3d      I         d3d_disp.cpp:679  d3d_init_display                 [   0.02237] Render-to-texture: 1
d3d      I         d3d_disp.cpp:1780 d3d_create_display_locked        [   0.02300] faux_fullscreen=0
d3d      D         d3d_disp.cpp:1781 d3d_create_display_locked        [   0.02307] al_display=000001C512E64530
d3d      D         d3d_disp.cpp:1782 d3d_create_display_locked        [   0.02314] al_display->vt=000001C512E3E340
d3d      I d3d_display_formats.cpp:144  _al_d3d_generate_display_format_list [   0.02764] found 288 format combinations
display  D   display_settings.c:214  debug_display_settings           [   0.02773] color: 32 (rgba 8880), depth: 0, stencil: 0, acc: 0000, samples: 0/0
display  D   display_settings.c:529  _al_score_display_settings       [   0.02779] Score is : 897
display  D   display_settings.c:214  debug_display_settings           [   0.02784] color: 32 (rgba 8880), depth: 0, stencil: 0, acc: 0000, samples: 0/0
display  D   display_settings.c:529  _al_score_display_settings       [   0.02788] Score is : 897
display  D   display_settings.c:214  debug_display_settings           [   0.02791] color: 32 (rgba 8880), depth: 0, stencil: 0, acc: 0000, samples: 2/1
display  D   display_settings.c:529  _al_score_display_settings       [   0.02795] Score is : 726
display  D   display_settings.c:214  debug_display_settings           [   0.02800] color: 32 (rgba 8880), depth: 0, stencil: 0, acc: 0000, samples: 3/1
display  D   display_settings.c:529  _al_score_display_settings       [   0.02805] Score is : 721
display  D   display_settings.c:214  debug_display_settings           [   0.02810] color: 32 (rgba 8880), depth: 0, stencil: 0, acc: 0000, samples: 4/1
display  D   display_settings.c:529  _al_score_display_settings       [   0.02814] Score is : 717
display  D   display_settings.c:214  debug_display_settings           [   0.02818] color: 32 (rgba 8880), depth: 0, stencil: 0, acc: 0000, samples: 5/1
display  D   display_settings.c:529  _al_score_display_settings       [   0.02823] Score is : 715
display  D   display_settings.c:214  debug_display_settings           [   0.02827] color: 32 (rgba 8880), depth: 0, stencil: 0, acc: 0000, samples: 6/1
display  D   display_settings.c:529  _al_score_display_settings       [   0.02832] Score is : 714
display  D   display_settings.c:214  debug_display_settings           [   0.02837] color: 32 (rgba 8880), depth: 0, stencil: 0, acc: 0000, samples: 7/1
display  D   display_settings.c:529  _al_score_display_settings       [   0.02841] Score is : 713
display  D   display_settings.c:214  debug_display_settings           [   0.02845] color: 32 (rgba 8880), depth: 0, stencil: 0, acc: 0000, samples: 8/1
display  D   display_settings.c:529  _al_score_display_settings       [   0.02854] Score is : 712
display  D   display_settings.c:214  debug_display_settings           [   0.02858] color: 32 (rgba 8880), depth: 24, stencil: 8, acc: 0000, samples: 0/0
display  D   display_settings.c:529  _al_score_display_settings       [   0.02863] Score is : 897
display  D   display_settings.c:214  debug_display_settings           [   0.02868] color: 32 (rgba 8880), depth: 24, stencil: 8, acc: 0000, samples: 0/0
display  D   display_settings.c:529  _al_score_display_settings       [   0.02873] Score is : 897
display  D   display_settings.c:214  debug_display_settings           [   0.02877] color: 32 (rgba 8880), depth: 24, stencil: 8, acc: 0000, samples: 2/1
display  D   display_settings.c:529  _al_score_display_settings       [   0.02882] Score is : 726
display  D   display_settings.c:214  debug_display_settings           [   0.02886] color: 32 (rgba 8880), depth: 24, stencil: 8, acc: 0000, samples: 3/1
display  D   display_settings.c:529  _al_score_display_settings       [   0.02890] Score is : 721
display  D   display_settings.c:214  debug_display_settings           [   0.02894] color: 32 (rgba 8880), depth: 24, stencil: 8, acc: 0000, samples: 4/1
display  D   display_settings.c:529  _al_score_display_settings       [   0.02898] Score is : 717
display  D   display_settings.c:214  debug_display_settings           [   0.02902] color: 32 (rgba 8880), depth: 24, stencil: 8, acc: 0000, samples: 5/1
display  D   display_settings.c:529  _al_score_display_settings       [   0.02906] Score is : 715
display  D   display_settings.c:214  debug_display_settings           [   0.02909] color: 32 (rgba 8880), depth: 24, stencil: 8, acc: 0000, samples: 6/1
display  D   display_settings.c:529  _al_score_display_settings       [   0.02913] Score is : 714
display  D   display_settings.c:214  debug_display_settings           [   0.02918] color: 32 (rgba 8880), depth: 24, stencil: 8, acc: 0000, samples: 7/1
display  D   display_settings.c:529  _al_score_display_settings       [   0.02923] Score is : 713
display  D   display_settings.c:214  debug_display_settings           [   0.02927] color: 32 (rgba 8880), depth: 24, stencil: 8, acc: 0000, samples: 8/1
display  D   display_settings.c:529  _al_score_display_settings       [   0.02931] Score is : 712
display  D   display_settings.c:214  debug_display_settings           [   0.02934] color: 32 (rgba 8880), depth: 24, stencil: 0, acc: 0000, samples: 0/0
display  D   display_settings.c:529  _al_score_display_settings       [   0.02938] Score is : 897
display  D   display_settings.c:214  debug_display_settings           [   0.02942] color: 32 (rgba 8880), depth: 24, stencil: 0, acc: 0000, samples: 0/0
display  D   display_settings.c:529  _al_score_display_settings       [   0.02946] Score is : 897
display  D   display_settings.c:214  debug_display_settings           [   0.02950] color: 32 (rgba 8880), depth: 24, stencil: 0, acc: 0000, samples: 2/1
display  D   display_settings.c:529  _al_score_display_settings       [   0.02954] Score is : 726
display  D   display_settings.c:214  debug_display_settings           [   0.02958] color: 32 (rgba 8880), depth: 24, stencil: 0, acc: 0000, samples: 3/1
display  D   display_settings.c:529  _al_score_display_settings       [   0.02963] Score is : 721
display  D   display_settings.c:214  debug_display_settings           [   0.02968] color: 32 (rgba 8880), depth: 24, stencil: 0, acc: 0000, samples: 4/1
display  D   display_settings.c:529  _al_score_display_settings       [   0.02974] Score is : 717
display  D   display_settings.c:214  debug_display_settings           [   0.02979] color: 32 (rgba 8880), depth: 24, stencil: 0, acc: 0000, samples: 5/1
display  D   display_settings.c:529  _al_score_display_settings       [   0.02983] Score is : 715
display  D   display_settings.c:214  debug_display_settings           [   0.02986] color: 32 (rgba 8880), depth: 24, stencil: 0, acc: 0000, samples: 6/1
display  D   display_settings.c:529  _al_score_display_settings       [   0.02990] Score is : 714
display  D   display_settings.c:214  debug_display_settings           [   0.02994] color: 32 (rgba 8880), depth: 24, stencil: 0, acc: 0000, samples: 7/1
display  D   display_settings.c:529  _al_score_display_settings       [   0.02997] Score is : 713
display  D   display_settings.c:214  debug_display_settings           [   0.03001] color: 32 (rgba 8880), depth: 24, stencil: 0, acc: 0000, samples: 8/1
display  D   display_settings.c:529  _al_score_display_settings       [   0.03004] Score is : 712
display  D   display_settings.c:214  debug_display_settings           [   0.03008] color: 32 (rgba 8880), depth: 16, stencil: 0, acc: 0000, samples: 0/0
display  D   display_settings.c:529  _al_score_display_settings       [   0.03012] Score is : 897
display  D   display_settings.c:214  debug_display_settings           [   0.03017] color: 32 (rgba 8880), depth: 16, stencil: 0, acc: 0000, samples: 0/0
display  D   display_settings.c:529  _al_score_display_settings       [   0.03021] Score is : 897
display  D   display_settings.c:214  debug_display_settings           [   0.03026] color: 32 (rgba 8880), depth: 16, stencil: 0, acc: 0000, samples: 2/1
display  D   display_settings.c:529  _al_score_display_settings       [   0.03031] Score is : 726
display  D   display_settings.c:214  debug_display_settings           [   0.03036] color: 32 (rgba 8880), depth: 16, stencil: 0, acc: 0000, samples: 3/1
display  D   display_settings.c:529  _al_score_display_settings       [   0.03040] Score is : 721
display  D   display_settings.c:214  debug_display_settings           [   0.03044] color: 32 (rgba 8880), depth: 16, stencil: 0, acc: 0000, samples: 4/1
display  D   display_settings.c:529  _al_score_display_settings       [   0.03047] Score is : 717
display  D   display_settings.c:214  debug_display_settings           [   0.03051] color: 32 (rgba 8880), depth: 16, stencil: 0, acc: 0000, samples: 5/1
display  D   display_settings.c:529  _al_score_display_settings       [   0.03056] Score is : 715
display  D   display_settings.c:214  debug_display_settings           [   0.03061] color: 32 (rgba 8880), depth: 16, stencil: 0, acc: 0000, samples: 6/1
display  D   display_settings.c:529  _al_score_display_settings       [   0.03066] Score is : 714
display  D   display_settings.c:214  debug_display_settings           [   0.03070] color: 32 (rgba 8880), depth: 16, stencil: 0, acc: 0000, samples: 7/1
display  D   display_settings.c:529  _al_score_display_settings       [   0.03074] Score is : 713
display  D   display_settings.c:214  debug_display_settings           [   0.03078] color: 32 (rgba 8880), depth: 16, stencil: 0, acc: 0000, samples: 8/1
display  D   display_settings.c:529  _al_score_display_settings       [   0.03083] Score is : 712
display  D   display_settings.c:214  debug_display_settings           [   0.03088] color: 16 (rgba 5650), depth: 0, stencil: 0, acc: 0000, samples: 0/0
display  D   display_settings.c:529  _al_score_display_settings       [   0.03093] Score is : 897
display  D   display_settings.c:214  debug_display_settings           [   0.03098] color: 16 (rgba 5650), depth: 0, stencil: 0, acc: 0000, samples: 0/0
display  D   display_settings.c:529  _al_score_display_settings       [   0.03103] Score is : 897
display  D   display_settings.c:214  debug_display_settings           [   0.03108] color: 16 (rgba 5650), depth: 0, stencil: 0, acc: 0000, samples: 2/1
display  D   display_settings.c:529  _al_score_display_settings       [   0.03112] Score is : 726
display  D   display_settings.c:214  debug_display_settings           [   0.03116] color: 16 (rgba 5650), depth: 0, stencil: 0, acc: 0000, samples: 3/1
display  D   display_settings.c:529  _al_score_display_settings       [   0.03120] Score is : 721
display  D   display_settings.c:214  debug_display_settings           [   0.03123] color: 16 (rgba 5650), depth: 0, stencil: 0, acc: 0000, samples: 4/1
display  D   display_settings.c:529  _al_score_display_settings       [   0.03128] Score is : 717
display  D   display_settings.c:214  debug_display_settings           [   0.03133] color: 16 (rgba 5650), depth: 0, stencil: 0, acc: 0000, samples: 5/1
display  D   display_settings.c:529  _al_score_display_settings       [   0.03137] Score is : 715
display  D   display_settings.c:214  debug_display_settings           [   0.03141] color: 16 (rgba 5650), depth: 0, stencil: 0, acc: 0000, samples: 6/1
display  D   display_settings.c:529  _al_score_display_settings       [   0.03145] Score is : 714
display  D   display_settings.c:214  debug_display_settings           [   0.03150] color: 16 (rgba 5650), depth: 0, stencil: 0, acc: 0000, samples: 7/1
display  D   display_settings.c:529  _al_score_display_settings       [   0.03154] Score is : 713
display  D   display_settings.c:214  debug_display_settings           [   0.03158] color: 16 (rgba 5650), depth: 0, stencil: 0, acc: 0000, samples: 8/1
display  D   display_settings.c:529  _al_score_display_settings       [   0.03162] Score is : 712
display  D   display_settings.c:214  debug_display_settings           [   0.03166] color: 16 (rgba 5650), depth: 24, stencil: 8, acc: 0000, samples: 0/0
display  D   display_settings.c:529  _al_score_display_settings       [   0.03171] Score is : 897
display  D   display_settings.c:214  debug_display_settings           [   0.03175] color: 16 (rgba 5650), depth: 24, stencil: 8, acc: 0000, samples: 0/0
display  D   display_settings.c:529  _al_score_display_settings       [   0.03180] Score is : 897
display  D   display_settings.c:214  debug_display_settings           [   0.03183] color: 16 (rgba 5650), depth: 24, stencil: 8, acc: 0000, samples: 2/1
display  D   display_settings.c:529  _al_score_display_settings       [   0.03187] Score is : 726
display  D   display_settings.c:214  debug_display_settings           [   0.03191] color: 16 (rgba 5650), depth: 24, stencil: 8, acc: 0000, samples: 3/1
display  D   display_settings.c:529  _al_score_display_settings       [   0.03195] Score is : 721
display  D   display_settings.c:214  debug_display_settings           [   0.03200] color: 16 (rgba 5650), depth: 24, stencil: 8, acc: 0000, samples: 4/1
display  D   display_settings.c:529  _al_score_display_settings       [   0.03204] Score is : 717
display  D   display_settings.c:214  debug_display_settings           [   0.03208] color: 16 (rgba 5650), depth: 24, stencil: 8, acc: 0000, samples: 5/1
display  D   display_settings.c:529  _al_score_display_settings       [   0.03213] Score is : 715
display  D   display_settings.c:214  debug_display_settings           [   0.03217] color: 16 (rgba 5650), depth: 24, stencil: 8, acc: 0000, samples: 6/1
display  D   display_settings.c:529  _al_score_display_settings       [   0.03221] Score is : 714
display  D   display_settings.c:214  debug_display_settings           [   0.03225] color: 16 (rgba 5650), depth: 24, stencil: 8, acc: 0000, samples: 7/1
display  D   display_settings.c:529  _al_score_display_settings       [   0.03229] Score is : 713
display  D   display_settings.c:214  debug_display_settings           [   0.03233] color: 16 (rgba 5650), depth: 24, stencil: 8, acc: 0000, samples: 8/1
display  D   display_settings.c:529  _al_score_display_settings       [   0.03237] Score is : 712
display  D   display_settings.c:214  debug_display_settings           [   0.03242] color: 16 (rgba 5650), depth: 24, stencil: 0, acc: 0000, samples: 0/0
display  D   display_settings.c:529  _al_score_display_settings       [   0.03250] Score is : 897
display  D   display_settings.c:214  debug_display_settings           [   0.03255] color: 16 (rgba 5650), depth: 24, stencil: 0, acc: 0000, samples: 0/0
display  D   display_settings.c:529  _al_score_display_settings       [   0.03260] Score is : 897
display  D   display_settings.c:214  debug_display_settings           [   0.03264] color: 16 (rgba 5650), depth: 24, stencil: 0, acc: 0000, samples: 2/1
display  D   display_settings.c:529  _al_score_display_settings       [   0.03268] Score is : 726
display  D   display_settings.c:214  debug_display_settings           [   0.03274] color: 16 (rgba 5650), depth: 24, stencil: 0, acc: 0000, samples: 3/1
display  D   display_settings.c:529  _al_score_display_settings       [   0.03283] Score is : 721
display  D   display_settings.c:214  debug_display_settings           [   0.03288] color: 16 (rgba 5650), depth: 24, stencil: 0, acc: 0000, samples: 4/1
display  D   display_settings.c:529  _al_score_display_settings       [   0.03294] Score is : 717
display  D   display_settings.c:214  debug_display_settings           [   0.03298] color: 16 (rgba 5650), depth: 24, stencil: 0, acc: 0000, samples: 5/1
display  D   display_settings.c:529  _al_score_display_settings       [   0.03302] Score is : 715
display  D   display_settings.c:214  debug_display_settings           [   0.03306] color: 16 (rgba 5650), depth: 24, stencil: 0, acc: 0000, samples: 6/1
display  D   display_settings.c:529  _al_score_display_settings       [   0.03311] Score is : 714
display  D   display_settings.c:214  debug_display_settings           [   0.03314] color: 16 (rgba 5650), depth: 24, stencil: 0, acc: 0000, samples: 7/1
display  D   display_settings.c:529  _al_score_display_settings       [   0.03318] Score is : 713
display  D   display_settings.c:214  debug_display_settings           [   0.03322] color: 16 (rgba 5650), depth: 24, stencil: 0, acc: 0000, samples: 8/1
display  D   display_settings.c:529  _al_score_display_settings       [   0.03325] Score is : 712
display  D   display_settings.c:214  debug_display_settings           [   0.03329] color: 16 (rgba 5650), depth: 16, stencil: 0, acc: 0000, samples: 0/0
display  D   display_settings.c:529  _al_score_display_settings       [   0.03332] Score is : 897
display  D   display_settings.c:214  debug_display_settings           [   0.03336] color: 16 (rgba 5650), depth: 16, stencil: 0, acc: 0000, samples: 0/0
display  D   display_settings.c:529  _al_score_display_settings       [   0.03341] Score is : 897
display  D   display_settings.c:214  debug_display_settings           [   0.03346] color: 16 (rgba 5650), depth: 16, stencil: 0, acc: 0000, samples: 2/1
display  D   display_settings.c:529  _al_score_display_settings       [   0.03351] Score is : 726
display  D   display_settings.c:214  debug_display_settings           [   0.03355] color: 16 (rgba 5650), depth: 16, stencil: 0, acc: 0000, samples: 3/1
display  D   display_settings.c:529  _al_score_display_settings       [   0.03359] Score is : 721
display  D   display_settings.c:214  debug_display_settings           [   0.03364] color: 16 (rgba 5650), depth: 16, stencil: 0, acc: 0000, samples: 4/1
display  D   display_settings.c:529  _al_score_display_settings       [   0.03368] Score is : 717
display  D   display_settings.c:214  debug_display_settings           [   0.03371] color: 16 (rgba 5650), depth: 16, stencil: 0, acc: 0000, samples: 5/1
display  D   display_settings.c:529  _al_score_display_settings       [   0.03375] Score is : 715
display  D   display_settings.c:214  debug_display_settings           [   0.03379] color: 16 (rgba 5650), depth: 16, stencil: 0, acc: 0000, samples: 6/1
display  D   display_settings.c:529  _al_score_display_settings       [   0.03384] Score is : 714
display  D   display_settings.c:214  debug_display_settings           [   0.03388] color: 16 (rgba 5650), depth: 16, stencil: 0, acc: 0000, samples: 7/1
display  D   display_settings.c:529  _al_score_display_settings       [   0.03392] Score is : 713
display  D   display_settings.c:214  debug_display_settings           [   0.03396] color: 16 (rgba 5650), depth: 16, stencil: 0, acc: 0000, samples: 8/1
display  D   display_settings.c:529  _al_score_display_settings       [   0.03401] Score is : 712
display  D   display_settings.c:214  debug_display_settings           [   0.03405] color: 32 (rgba 8880), depth: 0, stencil: 0, acc: 0000, samples: 0/0
display  D   display_settings.c:400  _al_score_display_settings       [   0.03409] Single Buffer requirement not met.
display  D   display_settings.c:214  debug_display_settings           [   0.03413] color: 32 (rgba 8880), depth: 0, stencil: 0, acc: 0000, samples: 0/0
display  D   display_settings.c:400  _al_score_display_settings       [   0.03418] Single Buffer requirement not met.
display  D   display_settings.c:214  debug_display_settings           [   0.03422] color: 32 (rgba 8880), depth: 0, stencil: 0, acc: 0000, samples: 2/1
display  D   display_settings.c:400  _al_score_display_settings       [   0.03426] Single Buffer requirement not met.
display  D   display_settings.c:214  debug_display_settings           [   0.03432] color: 32 (rgba 8880), depth: 0, stencil: 0, acc: 0000, samples: 3/1
display  D   display_settings.c:400  _al_score_display_settings       [   0.03437] Single Buffer requirement not met.
display  D   display_settings.c:214  debug_display_settings           [   0.03442] color: 32 (rgba 8880), depth: 0, stencil: 0, acc: 0000, samples: 4/1
display  D   display_settings.c:400  _al_score_display_settings       [   0.03446] Single Buffer requirement not met.
display  D   display_settings.c:214  debug_display_settings           [   0.03450] color: 32 (rgba 8880), depth: 0, stencil: 0, acc: 0000, samples: 5/1
display  D   display_settings.c:400  _al_score_display_settings       [   0.03454] Single Buffer requirement not met.
display  D   display_settings.c:214  debug_display_settings           [   0.03458] color: 32 (rgba 8880), depth: 0, stencil: 0, acc: 0000, samples: 6/1
display  D   display_settings.c:400  _al_score_display_settings       [   0.03461] Single Buffer requirement not met.
display  D   display_settings.c:214  debug_display_settings           [   0.03466] color: 32 (rgba 8880), depth: 0, stencil: 0, acc: 0000, samples: 7/1
display  D   display_settings.c:400  _al_score_display_settings       [   0.03471] Single Buffer requirement not met.
display  D   display_settings.c:214  debug_display_settings           [   0.03476] color: 32 (rgba 8880), depth: 0, stencil: 0, acc: 0000, samples: 8/1
display  D   display_settings.c:400  _al_score_display_settings       [   0.03479] Single Buffer requirement not met.
display  D   display_settings.c:214  debug_display_settings           [   0.03484] color: 32 (rgba 8880), depth: 24, stencil: 8, acc: 0000, samples: 0/0
display  D   display_settings.c:400  _al_score_display_settings       [   0.03489] Single Buffer requirement not met.
display  D   display_settings.c:214  debug_display_settings           [   0.03493] color: 32 (rgba 8880), depth: 24, stencil: 8, acc: 0000, samples: 0/0
display  D   display_settings.c:400  _al_score_display_settings       [   0.03497] Single Buffer requirement not met.
display  D   display_settings.c:214  debug_display_settings           [   0.03501] color: 32 (rgba 8880), depth: 24, stencil: 8, acc: 0000, samples: 2/1
display  D   display_settings.c:400  _al_score_display_settings       [   0.03506] Single Buffer requirement not met.
display  D   display_settings.c:214  debug_display_settings           [   0.03510] color: 32 (rgba 8880), depth: 24, stencil: 8, acc: 0000, samples: 3/1
display  D   display_settings.c:400  _al_score_display_settings       [   0.03513] Single Buffer requirement not met.
display  D   display_settings.c:214  debug_display_settings           [   0.03516] color: 32 (rgba 8880), depth: 24, stencil: 8, acc: 0000, samples: 4/1
display  D   display_settings.c:400  _al_score_display_settings       [   0.03520] Single Buffer requirement not met.
display  D   display_settings.c:214  debug_display_settings           [   0.03525] color: 32 (rgba 8880), depth: 24, stencil: 8, acc: 0000, samples: 5/1
display  D   display_settings.c:400  _al_score_display_settings       [   0.03530] Single Buffer requirement not met.
display  D   display_settings.c:214  debug_display_settings           [   0.03534] color: 32 (rgba 8880), depth: 24, stencil: 8, acc: 0000, samples: 6/1
display  D   display_settings.c:400  _al_score_display_settings       [   0.03538] Single Buffer requirement not met.
display  D   display_settings.c:214  debug_display_settings           [   0.03542] color: 32 (rgba 8880), depth: 24, stencil: 8, acc: 0000, samples: 7/1
display  D   display_settings.c:400  _al_score_display_settings       [   0.03546] Single Buffer requirement not met.
display  D   display_settings.c:214  debug_display_settings           [   0.03550] color: 32 (rgba 8880), depth: 24, stencil: 8, acc: 0000, samples: 8/1
display  D   display_settings.c:400  _al_score_display_settings       [   0.03554] Single Buffer requirement not met.
display  D   display_settings.c:214  debug_display_settings           [   0.03558] color: 32 (rgba 8880), depth: 24, stencil: 0, acc: 0000, samples: 0/0
display  D   display_settings.c:400  _al_score_display_settings       [   0.03562] Single Buffer requirement not met.
display  D   display_settings.c:214  debug_display_settings           [   0.03567] color: 32 (rgba 8880), depth: 24, stencil: 0, acc: 0000, samples: 0/0
display  D   display_settings.c:400  _al_score_display_settings       [   0.03571] Single Buffer requirement not met.
display  D   display_settings.c:214  debug_display_settings           [   0.03575] color: 32 (rgba 8880), depth: 24, stencil: 0, acc: 0000, samples: 2/1
display  D   display_settings.c:400  _al_score_display_settings       [   0.03579] Single Buffer requirement not met.
display  D   display_settings.c:214  debug_display_settings           [   0.03583] color: 32 (rgba 8880), depth: 24, stencil: 0, acc: 0000, samples: 3/1
display  D   display_settings.c:400  _al_score_display_settings       [   0.03587] Single Buffer requirement not met.
display  D   display_settings.c:214  debug_display_settings           [   0.03590] color: 32 (rgba 8880), depth: 24, stencil: 0, acc: 0000, samples: 4/1
display  D   display_settings.c:400  _al_score_display_settings       [   0.03595] Single Buffer requirement not met.
display  D   display_settings.c:214  debug_display_settings           [   0.03599] color: 32 (rgba 8880), depth: 24, stencil: 0, acc: 0000, samples: 5/1
display  D   display_settings.c:400  _al_score_display_settings       [   0.03603] Single Buffer requirement not met.
display  D   display_settings.c:214  debug_display_settings           [   0.03607] color: 32 (rgba 8880), depth: 24, stencil: 0, acc: 0000, samples: 6/1
display  D   display_settings.c:400  _al_score_display_settings       [   0.03612] Single Buffer requirement not met.
display  D   display_settings.c:214  debug_display_settings           [   0.03616] color: 32 (rgba 8880), depth: 24, stencil: 0, acc: 0000, samples: 7/1
display  D   display_settings.c:400  _al_score_display_settings       [   0.03619] Single Buffer requirement not met.
display  D   display_settings.c:214  debug_display_settings           [   0.03623] color: 32 (rgba 8880), depth: 24, stencil: 0, acc: 0000, samples: 8/1
display  D   display_settings.c:400  _al_score_display_settings       [   0.03627] Single Buffer requirement not met.
display  D   display_settings.c:214  debug_display_settings           [   0.03631] color: 32 (rgba 8880), depth: 16, stencil: 0, acc: 0000, samples: 0/0
display  D   display_settings.c:400  _al_score_display_settings       [   0.03635] Single Buffer requirement not met.
display  D   display_settings.c:214  debug_display_settings           [   0.03640] color: 32 (rgba 8880), depth: 16, stencil: 0, acc: 0000, samples: 0/0
display  D   display_settings.c:400  _al_score_display_settings       [   0.03644] Single Buffer requirement not met.
display  D   display_settings.c:214  debug_display_settings           [   0.03648] color: 32 (rgba 8880), depth: 16, stencil: 0, acc: 0000, samples: 2/1
display  D   display_settings.c:400  _al_score_display_settings       [   0.03652] Single Buffer requirement not met.
display  D   display_settings.c:214  debug_display_settings           [   0.03656] color: 32 (rgba 8880), depth: 16, stencil: 0, acc: 0000, samples: 3/1
display  D   display_settings.c:400  _al_score_display_settings       [   0.03661] Single Buffer requirement not met.
display  D   display_settings.c:214  debug_display_settings           [   0.03665] color: 32 (rgba 8880), depth: 16, stencil: 0, acc: 0000, samples: 4/1
display  D   display_settings.c:400  _al_score_display_settings       [   0.03671] Single Buffer requirement not met.
display  D   display_settings.c:214  debug_display_settings           [   0.03675] color: 32 (rgba 8880), depth: 16, stencil: 0, acc: 0000, samples: 5/1
display  D   display_settings.c:400  _al_score_display_settings       [   0.03679] Single Buffer requirement not met.
display  D   display_settings.c:214  debug_display_settings           [   0.03682] color: 32 (rgba 8880), depth: 16, stencil: 0, acc: 0000, samples: 6/1
display  D   display_settings.c:400  _al_score_display_settings       [   0.03686] Single Buffer requirement not met.
display  D   display_settings.c:214  debug_display_settings           [   0.03689] color: 32 (rgba 8880), depth: 16, stencil: 0, acc: 0000, samples: 7/1
display  D   display_settings.c:400  _al_score_display_settings       [   0.03693] Single Buffer requirement not met.
display  D   display_settings.c:214  debug_display_settings           [   0.03696] color: 32 (rgba 8880), depth: 16, stencil: 0, acc: 0000, samples: 8/1
display  D   display_settings.c:400  _al_score_display_settings       [   0.03699] Single Buffer requirement not met.
display  D   display_settings.c:214  debug_display_settings           [   0.03703] color: 16 (rgba 5650), depth: 0, stencil: 0, acc: 0000, samples: 0/0
display  D   display_settings.c:400  _al_score_display_settings       [   0.03708] Single Buffer requirement not met.
display  D   display_settings.c:214  debug_display_settings           [   0.03712] color: 16 (rgba 5650), depth: 0, stencil: 0, acc: 0000, samples: 0/0
display  D   display_settings.c:400  _al_score_display_settings       [   0.03716] Single Buffer requirement not met.
display  D   display_settings.c:214  debug_display_settings           [   0.03720] color: 16 (rgba 5650), depth: 0, stencil: 0, acc: 0000, samples: 2/1
display  D   display_settings.c:400  _al_score_display_settings       [   0.03724] Single Buffer requirement not met.
display  D   display_settings.c:214  debug_display_settings           [   0.03728] color: 16 (rgba 5650), depth: 0, stencil: 0, acc: 0000, samples: 3/1
display  D   display_settings.c:400  _al_score_display_settings       [   0.03732] Single Buffer requirement not met.
display  D   display_settings.c:214  debug_display_settings           [   0.03735] color: 16 (rgba 5650), depth: 0, stencil: 0, acc: 0000, samples: 4/1
display  D   display_settings.c:400  _al_score_display_settings       [   0.03739] Single Buffer requirement not met.
display  D   display_settings.c:214  debug_display_settings           [   0.03743] color: 16 (rgba 5650), depth: 0, stencil: 0, acc: 0000, samples: 5/1
display  D   display_settings.c:400  _al_score_display_settings       [   0.03747] Single Buffer requirement not met.
display  D   display_settings.c:214  debug_display_settings           [   0.03751] color: 16 (rgba 5650), depth: 0, stencil: 0, acc: 0000, samples: 6/1
display  D   display_settings.c:400  _al_score_display_settings       [   0.03756] Single Buffer requirement not met.
display  D   display_settings.c:214  debug_display_settings           [   0.03762] color: 16 (rgba 5650), depth: 0, stencil: 0, acc: 0000, samples: 7/1
display  D   display_settings.c:400  _al_score_display_settings       [   0.03766] Single Buffer requirement not met.
display  D   display_settings.c:214  debug_display_settings           [   0.03770] color: 16 (rgba 5650), depth: 0, stencil: 0, acc: 0000, samples: 8/1
display  D   display_settings.c:400  _al_score_display_settings       [   0.03773] Single Buffer requirement not met.
display  D   display_settings.c:214  debug_display_settings           [   0.03777] color: 16 (rgba 5650), depth: 24, stencil: 8, acc: 0000, samples: 0/0
display  D   display_settings.c:400  _al_score_display_settings       [   0.03781] Single Buffer requirement not met.
display  D   display_settings.c:214  debug_display_settings           [   0.03785] color: 16 (rgba 5650), depth: 24, stencil: 8, acc: 0000, samples: 0/0
display  D   display_settings.c:400  _al_score_display_settings       [   0.03792] Single Buffer requirement not met.
display  D   display_settings.c:214  debug_display_settings           [   0.03796] color: 16 (rgba 5650), depth: 24, stencil: 8, acc: 0000, samples: 2/1
display  D   display_settings.c:400  _al_score_display_settings       [   0.03800] Single Buffer requirement not met.
display  D   display_settings.c:214  debug_display_settings           [   0.03803] color: 16 (rgba 5650), depth: 24, stencil: 8, acc: 0000, samples: 3/1
display  D   display_settings.c:400  _al_score_display_settings       [   0.03808] Single Buffer requirement not met.
display  D   display_settings.c:214  debug_display_settings           [   0.03812] color: 16 (rgba 5650), depth: 24, stencil: 8, acc: 0000, samples: 4/1
display  D   display_settings.c:400  _al_score_display_settings       [   0.03816] Single Buffer requirement not met.
display  D   display_settings.c:214  debug_display_settings           [   0.03819] color: 16 (rgba 5650), depth: 24, stencil: 8, acc: 0000, samples: 5/1
display  D   display_settings.c:400  _al_score_display_settings       [   0.03823] Single Buffer requirement not met.
display  D   display_settings.c:214  debug_display_settings           [   0.03827] color: 16 (rgba 5650), depth: 24, stencil: 8, acc: 0000, samples: 6/1
display  D   display_settings.c:400  _al_score_display_settings       [   0.03831] Single Buffer requirement not met.
display  D   display_settings.c:214  debug_display_settings           [   0.03834] color: 16 (rgba 5650), depth: 24, stencil: 8, acc: 0000, samples: 7/1
display  D   display_settings.c:400  _al_score_display_settings       [   0.03839] Single Buffer requirement not met.
display  D   display_settings.c:214  debug_display_settings           [   0.03844] color: 16 (rgba 5650), depth: 24, stencil: 8, acc: 0000, samples: 8/1
display  D   display_settings.c:400  _al_score_display_settings       [   0.03848] Single Buffer requirement not met.
display  D   display_settings.c:214  debug_display_settings           [   0.03853] color: 16 (rgba 5650), depth: 24, stencil: 0, acc: 0000, samples: 0/0
display  D   display_settings.c:400  _al_score_display_settings       [   0.03857] Single Buffer requirement not met.
display  D   display_settings.c:214  debug_display_settings           [   0.03862] color: 16 (rgba 5650), depth: 24, stencil: 0, acc: 0000, samples: 0/0
display  D   display_settings.c:400  _al_score_display_settings       [   0.03866] Single Buffer requirement not met.
display  D   display_settings.c:214  debug_display_settings           [   0.03871] color: 16 (rgba 5650), depth: 24, stencil: 0, acc: 0000, samples: 2/1
display  D   display_settings.c:400  _al_score_display_settings       [   0.03875] Single Buffer requirement not met.
display  D   display_settings.c:214  debug_display_settings           [   0.03880] color: 16 (rgba 5650), depth: 24, stencil: 0, acc: 0000, samples: 3/1
display  D   display_settings.c:400  _al_score_display_settings       [   0.03884] Single Buffer requirement not met.
display  D   display_settings.c:214  debug_display_settings           [   0.03889] color: 16 (rgba 5650), depth: 24, stencil: 0, acc: 0000, samples: 4/1
display  D   display_settings.c:400  _al_score_display_settings       [   0.03894] Single Buffer requirement not met.
display  D   display_settings.c:214  debug_display_settings           [   0.03898] color: 16 (rgba 5650), depth: 24, stencil: 0, acc: 0000, samples: 5/1
display  D   display_settings.c:400  _al_score_display_settings       [   0.03902] Single Buffer requirement not met.
display  D   display_settings.c:214  debug_display_settings           [   0.03906] color: 16 (rgba 5650), depth: 24, stencil: 0, acc: 0000, samples: 6/1
display  D   display_settings.c:400  _al_score_display_settings       [   0.03911] Single Buffer requirement not met.
display  D   display_settings.c:214  debug_display_settings           [   0.03915] color: 16 (rgba 5650), depth: 24, stencil: 0, acc: 0000, samples: 7/1
display  D   display_settings.c:400  _al_score_display_settings       [   0.03921] Single Buffer requirement not met.
display  D   display_settings.c:214  debug_display_settings           [   0.03925] color: 16 (rgba 5650), depth: 24, stencil: 0, acc: 0000, samples: 8/1
display  D   display_settings.c:400  _al_score_display_settings       [   0.03930] Single Buffer requirement not met.
display  D   display_settings.c:214  debug_display_settings           [   0.03934] color: 16 (rgba 5650), depth: 16, stencil: 0, acc: 0000, samples: 0/0
display  D   display_settings.c:400  _al_score_display_settings       [   0.03937] Single Buffer requirement not met.
display  D   display_settings.c:214  debug_display_settings           [   0.03941] color: 16 (rgba 5650), depth: 16, stencil: 0, acc: 0000, samples: 0/0
display  D   display_settings.c:400  _al_score_display_settings       [   0.03944] Single Buffer requirement not met.
display  D   display_settings.c:214  debug_display_settings           [   0.03947] color: 16 (rgba 5650), depth: 16, stencil: 0, acc: 0000, samples: 2/1
display  D   display_settings.c:400  _al_score_display_settings       [   0.03951] Single Buffer requirement not met.
display  D   display_settings.c:214  debug_display_settings           [   0.03954] color: 16 (rgba 5650), depth: 16, stencil: 0, acc: 0000, samples: 3/1
display  D   display_settings.c:400  _al_score_display_settings       [   0.03957] Single Buffer requirement not met.
display  D   display_settings.c:214  debug_display_settings           [   0.03960] color: 16 (rgba 5650), depth: 16, stencil: 0, acc: 0000, samples: 4/1
display  D   display_settings.c:400  _al_score_display_settings       [   0.03965] Single Buffer requirement not met.
display  D   display_settings.c:214  debug_display_settings           [   0.03969] color: 16 (rgba 5650), depth: 16, stencil: 0, acc: 0000, samples: 5/1
display  D   display_settings.c:400  _al_score_display_settings       [   0.03973] Single Buffer requirement not met.
display  D   display_settings.c:214  debug_display_settings           [   0.03977] color: 16 (rgba 5650), depth: 16, stencil: 0, acc: 0000, samples: 6/1
display  D   display_settings.c:400  _al_score_display_settings       [   0.03980] Single Buffer requirement not met.
display  D   display_settings.c:214  debug_display_settings           [   0.03984] color: 16 (rgba 5650), depth: 16, stencil: 0, acc: 0000, samples: 7/1
display  D   display_settings.c:400  _al_score_display_settings       [   0.03988] Single Buffer requirement not met.
display  D   display_settings.c:214  debug_display_settings           [   0.03993] color: 16 (rgba 5650), depth: 16, stencil: 0, acc: 0000, samples: 8/1
display  D   display_settings.c:400  _al_score_display_settings       [   0.03997] Single Buffer requirement not met.
display  D   display_settings.c:214  debug_display_settings           [   0.04000] color: 32 (rgba 8880), depth: 0, stencil: 0, acc: 0000, samples: 0/0
display  D   display_settings.c:529  _al_score_display_settings       [   0.04005] Score is : 769
display  D   display_settings.c:214  debug_display_settings           [   0.04009] color: 32 (rgba 8880), depth: 0, stencil: 0, acc: 0000, samples: 0/0
display  D   display_settings.c:529  _al_score_display_settings       [   0.04012] Score is : 769
display  D   display_settings.c:214  debug_display_settings           [   0.04016] color: 32 (rgba 8880), depth: 0, stencil: 0, acc: 0000, samples: 2/1
display  D   display_settings.c:529  _al_score_display_settings       [   0.04020] Score is : 598
display  D   display_settings.c:214  debug_display_settings           [   0.04023] color: 32 (rgba 8880), depth: 0, stencil: 0, acc: 0000, samples: 3/1
display  D   display_settings.c:529  _al_score_display_settings       [   0.04027] Score is : 593
display  D   display_settings.c:214  debug_display_settings           [   0.04031] color: 32 (rgba 8880), depth: 0, stencil: 0, acc: 0000, samples: 4/1
display  D   display_settings.c:529  _al_score_display_settings       [   0.04037] Score is : 589
display  D   display_settings.c:214  debug_display_settings           [   0.04040] color: 32 (rgba 8880), depth: 0, stencil: 0, acc: 0000, samples: 5/1
display  D   display_settings.c:529  _al_score_display_settings       [   0.04043] Score is : 587
display  D   display_settings.c:214  debug_display_settings           [   0.04047] color: 32 (rgba 8880), depth: 0, stencil: 0, acc: 0000, samples: 6/1
display  D   display_settings.c:529  _al_score_display_settings       [   0.04051] Score is : 586
display  D   display_settings.c:214  debug_display_settings           [   0.04054] color: 32 (rgba 8880), depth: 0, stencil: 0, acc: 0000, samples: 7/1
display  D   display_settings.c:529  _al_score_display_settings       [   0.04063] Score is : 585
display  D   display_settings.c:214  debug_display_settings           [   0.04066] color: 32 (rgba 8880), depth: 0, stencil: 0, acc: 0000, samples: 8/1
display  D   display_settings.c:529  _al_score_display_settings       [   0.04072] Score is : 584
display  D   display_settings.c:214  debug_display_settings           [   0.04076] color: 32 (rgba 8880), depth: 24, stencil: 8, acc: 0000, samples: 0/0
display  D   display_settings.c:529  _al_score_display_settings       [   0.04079] Score is : 769
display  D   display_settings.c:214  debug_display_settings           [   0.04084] color: 32 (rgba 8880), depth: 24, stencil: 8, acc: 0000, samples: 0/0
display  D   display_settings.c:529  _al_score_display_settings       [   0.04088] Score is : 769
display  D   display_settings.c:214  debug_display_settings           [   0.04093] color: 32 (rgba 8880), depth: 24, stencil: 8, acc: 0000, samples: 2/1
display  D   display_settings.c:529  _al_score_display_settings       [   0.04098] Score is : 598
display  D   display_settings.c:214  debug_display_settings           [   0.04102] color: 32 (rgba 8880), depth: 24, stencil: 8, acc: 0000, samples: 3/1
display  D   display_settings.c:529  _al_score_display_settings       [   0.04106] Score is : 593
display  D   display_settings.c:214  debug_display_settings           [   0.04109] color: 32 (rgba 8880), depth: 24, stencil: 8, acc: 0000, samples: 4/1
display  D   display_settings.c:529  _al_score_display_settings       [   0.04113] Score is : 589
display  D   display_settings.c:214  debug_display_settings           [   0.04117] color: 32 (rgba 8880), depth: 24, stencil: 8, acc: 0000, samples: 5/1
display  D   display_settings.c:529  _al_score_display_settings       [   0.04122] Score is : 587
display  D   display_settings.c:214  debug_display_settings           [   0.04125] color: 32 (rgba 8880), depth: 24, stencil: 8, acc: 0000, samples: 6/1
display  D   display_settings.c:529  _al_score_display_settings       [   0.04129] Score is : 586
display  D   display_settings.c:214  debug_display_settings           [   0.04133] color: 32 (rgba 8880), depth: 24, stencil: 8, acc: 0000, samples: 7/1
display  D   display_settings.c:529  _al_score_display_settings       [   0.04138] Score is : 585
display  D   display_settings.c:214  debug_display_settings           [   0.04141] color: 32 (rgba 8880), depth: 24, stencil: 8, acc: 0000, samples: 8/1
display  D   display_settings.c:529  _al_score_display_settings       [   0.04146] Score is : 584
display  D   display_settings.c:214  debug_display_settings           [   0.04149] color: 32 (rgba 8880), depth: 24, stencil: 0, acc: 0000, samples: 0/0
display  D   display_settings.c:529  _al_score_display_settings       [   0.04153] Score is : 769
display  D   display_settings.c:214  debug_display_settings           [   0.04157] color: 32 (rgba 8880), depth: 24, stencil: 0, acc: 0000, samples: 0/0
display  D   display_settings.c:529  _al_score_display_settings       [   0.04162] Score is : 769
display  D   display_settings.c:214  debug_display_settings           [   0.04167] color: 32 (rgba 8880), depth: 24, stencil: 0, acc: 0000, samples: 2/1
display  D   display_settings.c:529  _al_score_display_settings       [   0.04171] Score is : 598
display  D   display_settings.c:214  debug_display_settings           [   0.04175] color: 32 (rgba 8880), depth: 24, stencil: 0, acc: 0000, samples: 3/1
display  D   display_settings.c:529  _al_score_display_settings       [   0.04179] Score is : 593
display  D   display_settings.c:214  debug_display_settings           [   0.04183] color: 32 (rgba 8880), depth: 24, stencil: 0, acc: 0000, samples: 4/1
display  D   display_settings.c:529  _al_score_display_settings       [   0.04188] Score is : 589
display  D   display_settings.c:214  debug_display_settings           [   0.04191] color: 32 (rgba 8880), depth: 24, stencil: 0, acc: 0000, samples: 5/1
display  D   display_settings.c:529  _al_score_display_settings       [   0.04195] Score is : 587
display  D   display_settings.c:214  debug_display_settings           [   0.04199] color: 32 (rgba 8880), depth: 24, stencil: 0, acc: 0000, samples: 6/1
display  D   display_settings.c:529  _al_score_display_settings       [   0.04204] Score is : 586
display  D   display_settings.c:214  debug_display_settings           [   0.04209] color: 32 (rgba 8880), depth: 24, stencil: 0, acc: 0000, samples: 7/1
display  D   display_settings.c:529  _al_score_display_settings       [   0.04222] Score is : 585
display  D   display_settings.c:214  debug_display_settings           [   0.04226] color: 32 (rgba 8880), depth: 24, stencil: 0, acc: 0000, samples: 8/1
display  D   display_settings.c:529  _al_score_display_settings       [   0.04231] Score is : 584
display  D   display_settings.c:214  debug_display_settings           [   0.04234] color: 32 (rgba 8880), depth: 16, stencil: 0, acc: 0000, samples: 0/0
display  D   display_settings.c:529  _al_score_display_settings       [   0.04239] Score is : 769
display  D   display_settings.c:214  debug_display_settings           [   0.04244] color: 32 (rgba 8880), depth: 16, stencil: 0, acc: 0000, samples: 0/0
display  D   display_settings.c:529  _al_score_display_settings       [   0.04248] Score is : 769
display  D   display_settings.c:214  debug_display_settings           [   0.04252] color: 32 (rgba 8880), depth: 16, stencil: 0, acc: 0000, samples: 2/1
display  D   display_settings.c:529  _al_score_display_settings       [   0.04256] Score is : 598
display  D   display_settings.c:214  debug_display_settings           [   0.04260] color: 32 (rgba 8880), depth: 16, stencil: 0, acc: 0000, samples: 3/1
display  D   display_settings.c:529  _al_score_display_settings       [   0.04264] Score is : 593
display  D   display_settings.c:214  debug_display_settings           [   0.04268] color: 32 (rgba 8880), depth: 16, stencil: 0, acc: 0000, samples: 4/1
display  D   display_settings.c:529  _al_score_display_settings       [   0.04272] Score is : 589
display  D   display_settings.c:214  debug_display_settings           [   0.04276] color: 32 (rgba 8880), depth: 16, stencil: 0, acc: 0000, samples: 5/1
display  D   display_settings.c:529  _al_score_display_settings       [   0.04280] Score is : 587
display  D   display_settings.c:214  debug_display_settings           [   0.04283] color: 32 (rgba 8880), depth: 16, stencil: 0, acc: 0000, samples: 6/1
display  D   display_settings.c:529  _al_score_display_settings       [   0.04286] Score is : 586
display  D   display_settings.c:214  debug_display_settings           [   0.04290] color: 32 (rgba 8880), depth: 16, stencil: 0, acc: 0000, samples: 7/1
display  D   display_settings.c:529  _al_score_display_settings       [   0.04294] Score is : 585
display  D   display_settings.c:214  debug_display_settings           [   0.04297] color: 32 (rgba 8880), depth: 16, stencil: 0, acc: 0000, samples: 8/1
display  D   display_settings.c:529  _al_score_display_settings       [   0.04302] Score is : 584
display  D   display_settings.c:214  debug_display_settings           [   0.04305] color: 16 (rgba 5650), depth: 0, stencil: 0, acc: 0000, samples: 0/0
display  D   display_settings.c:529  _al_score_display_settings       [   0.04315] Score is : 769
display  D   display_settings.c:214  debug_display_settings           [   0.04321] color: 16 (rgba 5650), depth: 0, stencil: 0, acc: 0000, samples: 0/0
display  D   display_settings.c:529  _al_score_display_settings       [   0.04327] Score is : 769
display  D   display_settings.c:214  debug_display_settings           [   0.04332] color: 16 (rgba 5650), depth: 0, stencil: 0, acc: 0000, samples: 2/1
display  D   display_settings.c:529  _al_score_display_settings       [   0.04340] Score is : 598
display  D   display_settings.c:214  debug_display_settings           [   0.04345] color: 16 (rgba 5650), depth: 0, stencil: 0, acc: 0000, samples: 3/1
display  D   display_settings.c:529  _al_score_display_settings       [   0.04352] Score is : 593
display  D   display_settings.c:214  debug_display_settings           [   0.04358] color: 16 (rgba 5650), depth: 0, stencil: 0, acc: 0000, samples: 4/1
display  D   display_settings.c:529  _al_score_display_settings       [   0.04365] Score is : 589
display  D   display_settings.c:214  debug_display_settings           [   0.04378] color: 16 (rgba 5650), depth: 0, stencil: 0, acc: 0000, samples: 5/1
display  D   display_settings.c:529  _al_score_display_settings       [   0.04384] Score is : 587
display  D   display_settings.c:214  debug_display_settings           [   0.04389] color: 16 (rgba 5650), depth: 0, stencil: 0, acc: 0000, samples: 6/1
display  D   display_settings.c:529  _al_score_display_settings       [   0.04394] Score is : 586
display  D   display_settings.c:214  debug_display_settings           [   0.04399] color: 16 (rgba 5650), depth: 0, stencil: 0, acc: 0000, samples: 7/1
display  D   display_settings.c:529  _al_score_display_settings       [   0.04404] Score is : 585
display  D   display_settings.c:214  debug_display_settings           [   0.04408] color: 16 (rgba 5650), depth: 0, stencil: 0, acc: 0000, samples: 8/1
display  D   display_settings.c:529  _al_score_display_settings       [   0.04412] Score is : 584
display  D   display_settings.c:214  debug_display_settings           [   0.04415] color: 16 (rgba 5650), depth: 24, stencil: 8, acc: 0000, samples: 0/0
display  D   display_settings.c:529  _al_score_display_settings       [   0.04420] Score is : 769
display  D   display_settings.c:214  debug_display_settings           [   0.04424] color: 16 (rgba 5650), depth: 24, stencil: 8, acc: 0000, samples: 0/0
display  D   display_settings.c:529  _al_score_display_settings       [   0.04428] Score is : 769
display  D   display_settings.c:214  debug_display_settings           [   0.04431] color: 16 (rgba 5650), depth: 24, stencil: 8, acc: 0000, samples: 2/1
display  D   display_settings.c:529  _al_score_display_settings       [   0.04436] Score is : 598
display  D   display_settings.c:214  debug_display_settings           [   0.04440] color: 16 (rgba 5650), depth: 24, stencil: 8, acc: 0000, samples: 3/1
display  D   display_settings.c:529  _al_score_display_settings       [   0.04444] Score is : 593
display  D   display_settings.c:214  debug_display_settings           [   0.04447] color: 16 (rgba 5650), depth: 24, stencil: 8, acc: 0000, samples: 4/1
display  D   display_settings.c:529  _al_score_display_settings       [   0.04452] Score is : 589
display  D   display_settings.c:214  debug_display_settings           [   0.04457] color: 16 (rgba 5650), depth: 24, stencil: 8, acc: 0000, samples: 5/1
display  D   display_settings.c:529  _al_score_display_settings       [   0.04461] Score is : 587
display  D   display_settings.c:214  debug_display_settings           [   0.04465] color: 16 (rgba 5650), depth: 24, stencil: 8, acc: 0000, samples: 6/1
display  D   display_settings.c:529  _al_score_display_settings       [   0.04470] Score is : 586
display  D   display_settings.c:214  debug_display_settings           [   0.04475] color: 16 (rgba 5650), depth: 24, stencil: 8, acc: 0000, samples: 7/1
display  D   display_settings.c:529  _al_score_display_settings       [   0.04479] Score is : 585
display  D   display_settings.c:214  debug_display_settings           [   0.04483] color: 16 (rgba 5650), depth: 24, stencil: 8, acc: 0000, samples: 8/1
display  D   display_settings.c:529  _al_score_display_settings       [   0.04488] Score is : 584
display  D   display_settings.c:214  debug_display_settings           [   0.04492] color: 16 (rgba 5650), depth: 24, stencil: 0, acc: 0000, samples: 0/0
display  D   display_settings.c:529  _al_score_display_settings       [   0.04496] Score is : 769
display  D   display_settings.c:214  debug_display_settings           [   0.04500] color: 16 (rgba 5650), depth: 24, stencil: 0, acc: 0000, samples: 0/0
display  D   display_settings.c:529  _al_score_display_settings       [   0.04504] Score is : 769
display  D   display_settings.c:214  debug_display_settings           [   0.04508] color: 16 (rgba 5650), depth: 24, stencil: 0, acc: 0000, samples: 2/1
display  D   display_settings.c:529  _al_score_display_settings       [   0.04512] Score is : 598
display  D   display_settings.c:214  debug_display_settings           [   0.04516] color: 16 (rgba 5650), depth: 24, stencil: 0, acc: 0000, samples: 3/1
display  D   display_settings.c:529  _al_score_display_settings       [   0.04521] Score is : 593
display  D   display_settings.c:214  debug_display_settings           [   0.04525] color: 16 (rgba 5650), depth: 24, stencil: 0, acc: 0000, samples: 4/1
display  D   display_settings.c:529  _al_score_display_settings       [   0.04530] Score is : 589
display  D   display_settings.c:214  debug_display_settings           [   0.04533] color: 16 (rgba 5650), depth: 24, stencil: 0, acc: 0000, samples: 5/1
display  D   display_settings.c:529  _al_score_display_settings       [   0.04538] Score is : 587
display  D   display_settings.c:214  debug_display_settings           [   0.04542] color: 16 (rgba 5650), depth: 24, stencil: 0, acc: 0000, samples: 6/1
display  D   display_settings.c:529  _al_score_display_settings       [   0.04545] Score is : 586
display  D   display_settings.c:214  debug_display_settings           [   0.04549] color: 16 (rgba 5650), depth: 24, stencil: 0, acc: 0000, samples: 7/1
display  D   display_settings.c:529  _al_score_display_settings       [   0.04553] Score is : 585
display  D   display_settings.c:214  debug_display_settings           [   0.04558] color: 16 (rgba 5650), depth: 24, stencil: 0, acc: 0000, samples: 8/1
display  D   display_settings.c:529  _al_score_display_settings       [   0.04563] Score is : 584
display  D   display_settings.c:214  debug_display_settings           [   0.04566] color: 16 (rgba 5650), depth: 16, stencil: 0, acc: 0000, samples: 0/0
display  D   display_settings.c:529  _al_score_display_settings       [   0.04570] Score is : 769
display  D   display_settings.c:214  debug_display_settings           [   0.04574] color: 16 (rgba 5650), depth: 16, stencil: 0, acc: 0000, samples: 0/0
display  D   display_settings.c:529  _al_score_display_settings       [   0.04578] Score is : 769
display  D   display_settings.c:214  debug_display_settings           [   0.04582] color: 16 (rgba 5650), depth: 16, stencil: 0, acc: 0000, samples: 2/1
display  D   display_settings.c:529  _al_score_display_settings       [   0.04587] Score is : 598
display  D   display_settings.c:214  debug_display_settings           [   0.04592] color: 16 (rgba 5650), depth: 16, stencil: 0, acc: 0000, samples: 3/1
display  D   display_settings.c:529  _al_score_display_settings       [   0.04597] Score is : 593
display  D   display_settings.c:214  debug_display_settings           [   0.04602] color: 16 (rgba 5650), depth: 16, stencil: 0, acc: 0000, samples: 4/1
display  D   display_settings.c:529  _al_score_display_settings       [   0.04606] Score is : 589
display  D   display_settings.c:214  debug_display_settings           [   0.04610] color: 16 (rgba 5650), depth: 16, stencil: 0, acc: 0000, samples: 5/1
display  D   display_settings.c:529  _al_score_display_settings       [   0.04614] Score is : 587
display  D   display_settings.c:214  debug_display_settings           [   0.04618] color: 16 (rgba 5650), depth: 16, stencil: 0, acc: 0000, samples: 6/1
display  D   display_settings.c:529  _al_score_display_settings       [   0.04623] Score is : 586
display  D   display_settings.c:214  debug_display_settings           [   0.04627] color: 16 (rgba 5650), depth: 16, stencil: 0, acc: 0000, samples: 7/1
display  D   display_settings.c:529  _al_score_display_settings       [   0.04632] Score is : 585
display  D   display_settings.c:214  debug_display_settings           [   0.04635] color: 16 (rgba 5650), depth: 16, stencil: 0, acc: 0000, samples: 8/1
display  D   display_settings.c:529  _al_score_display_settings       [   0.04640] Score is : 584
display  D   display_settings.c:214  debug_display_settings           [   0.04644] color: 32 (rgba 8880), depth: 0, stencil: 0, acc: 0000, samples: 0/0
display  D   display_settings.c:400  _al_score_display_settings       [   0.04649] Single Buffer requirement not met.
display  D   display_settings.c:214  debug_display_settings           [   0.04654] color: 32 (rgba 8880), depth: 0, stencil: 0, acc: 0000, samples: 0/0
display  D   display_settings.c:400  _al_score_display_settings       [   0.04658] Single Buffer requirement not met.
display  D   display_settings.c:214  debug_display_settings           [   0.04662] color: 32 (rgba 8880), depth: 0, stencil: 0, acc: 0000, samples: 2/1
display  D   display_settings.c:400  _al_score_display_settings       [   0.04666] Single Buffer requirement not met.
display  D   display_settings.c:214  debug_display_settings           [   0.04670] color: 32 (rgba 8880), depth: 0, stencil: 0, acc: 0000, samples: 3/1
display  D   display_settings.c:400  _al_score_display_settings       [   0.04674] Single Buffer requirement not met.
display  D   display_settings.c:214  debug_display_settings           [   0.04677] color: 32 (rgba 8880), depth: 0, stencil: 0, acc: 0000, samples: 4/1
display  D   display_settings.c:400  _al_score_display_settings       [   0.04680] Single Buffer requirement not met.
display  D   display_settings.c:214  debug_display_settings           [   0.04685] color: 32 (rgba 8880), depth: 0, stencil: 0, acc: 0000, samples: 5/1
display  D   display_settings.c:400  _al_score_display_settings       [   0.04690] Single Buffer requirement not met.
display  D   display_settings.c:214  debug_display_settings           [   0.04694] color: 32 (rgba 8880), depth: 0, stencil: 0, acc: 0000, samples: 6/1
display  D   display_settings.c:400  _al_score_display_settings       [   0.04698] Single Buffer requirement not met.
display  D   display_settings.c:214  debug_display_settings           [   0.04701] color: 32 (rgba 8880), depth: 0, stencil: 0, acc: 0000, samples: 7/1
display  D   display_settings.c:400  _al_score_display_settings       [   0.04706] Single Buffer requirement not met.
display  D   display_settings.c:214  debug_display_settings           [   0.04711] color: 32 (rgba 8880), depth: 0, stencil: 0, acc: 0000, samples: 8/1
display  D   display_settings.c:400  _al_score_display_settings       [   0.04715] Single Buffer requirement not met.
display  D   display_settings.c:214  debug_display_settings           [   0.04719] color: 32 (rgba 8880), depth: 24, stencil: 8, acc: 0000, samples: 0/0
display  D   display_settings.c:400  _al_score_display_settings       [   0.04724] Single Buffer requirement not met.
display  D   display_settings.c:214  debug_display_settings           [   0.04728] color: 32 (rgba 8880), depth: 24, stencil: 8, acc: 0000, samples: 0/0
display  D   display_settings.c:400  _al_score_display_settings       [   0.04732] Single Buffer requirement not met.
display  D   display_settings.c:214  debug_display_settings           [   0.04736] color: 32 (rgba 8880), depth: 24, stencil: 8, acc: 0000, samples: 2/1
display  D   display_settings.c:400  _al_score_display_settings       [   0.04741] Single Buffer requirement not met.
display  D   display_settings.c:214  debug_display_settings           [   0.04745] color: 32 (rgba 8880), depth: 24, stencil: 8, acc: 0000, samples: 3/1
display  D   display_settings.c:400  _al_score_display_settings       [   0.04750] Single Buffer requirement not met.
display  D   display_settings.c:214  debug_display_settings           [   0.04753] color: 32 (rgba 8880), depth: 24, stencil: 8, acc: 0000, samples: 4/1
display  D   display_settings.c:400  _al_score_display_settings       [   0.04758] Single Buffer requirement not met.
display  D   display_settings.c:214  debug_display_settings           [   0.04762] color: 32 (rgba 8880), depth: 24, stencil: 8, acc: 0000, samples: 5/1
display  D   display_settings.c:400  _al_score_display_settings       [   0.04766] Single Buffer requirement not met.
display  D   display_settings.c:214  debug_display_settings           [   0.04770] color: 32 (rgba 8880), depth: 24, stencil: 8, acc: 0000, samples: 6/1
display  D   display_settings.c:400  _al_score_display_settings       [   0.04774] Single Buffer requirement not met.
display  D   display_settings.c:214  debug_display_settings           [   0.04777] color: 32 (rgba 8880), depth: 24, stencil: 8, acc: 0000, samples: 7/1
display  D   display_settings.c:400  _al_score_display_settings       [   0.04781] Single Buffer requirement not met.
display  D   display_settings.c:214  debug_display_settings           [   0.04785] color: 32 (rgba 8880), depth: 24, stencil: 8, acc: 0000, samples: 8/1
display  D   display_settings.c:400  _al_score_display_settings       [   0.04790] Single Buffer requirement not met.
display  D   display_settings.c:214  debug_display_settings           [   0.04795] color: 32 (rgba 8880), depth: 24, stencil: 0, acc: 0000, samples: 0/0
display  D   display_settings.c:400  _al_score_display_settings       [   0.04799] Single Buffer requirement not met.
display  D   display_settings.c:214  debug_display_settings           [   0.04803] color: 32 (rgba 8880), depth: 24, stencil: 0, acc: 0000, samples: 0/0
display  D   display_settings.c:400  _al_score_display_settings       [   0.04807] Single Buffer requirement not met.
display  D   display_settings.c:214  debug_display_settings           [   0.04811] color: 32 (rgba 8880), depth: 24, stencil: 0, acc: 0000, samples: 2/1
display  D   display_settings.c:400  _al_score_display_settings       [   0.04815] Single Buffer requirement not met.
display  D   display_settings.c:214  debug_display_settings           [   0.04819] color: 32 (rgba 8880), depth: 24, stencil: 0, acc: 0000, samples: 3/1
display  D   display_settings.c:400  _al_score_display_settings       [   0.04824] Single Buffer requirement not met.
display  D   display_settings.c:214  debug_display_settings           [   0.04828] color: 32 (rgba 8880), depth: 24, stencil: 0, acc: 0000, samples: 4/1
display  D   display_settings.c:400  _al_score_display_settings       [   0.04833] Single Buffer requirement not met.
display  D   display_settings.c:214  debug_display_settings           [   0.04836] color: 32 (rgba 8880), depth: 24, stencil: 0, acc: 0000, samples: 5/1
display  D   display_settings.c:400  _al_score_display_settings       [   0.04841] Single Buffer requirement not met.
display  D   display_settings.c:214  debug_display_settings           [   0.04846] color: 32 (rgba 8880), depth: 24, stencil: 0, acc: 0000, samples: 6/1
display  D   display_settings.c:400  _al_score_display_settings       [   0.04850] Single Buffer requirement not met.
display  D   display_settings.c:214  debug_display_settings           [   0.04853] color: 32 (rgba 8880), depth: 24, stencil: 0, acc: 0000, samples: 7/1
display  D   display_settings.c:400  _al_score_display_settings       [   0.04858] Single Buffer requirement not met.
display  D   display_settings.c:214  debug_display_settings           [   0.04862] color: 32 (rgba 8880), depth: 24, stencil: 0, acc: 0000, samples: 8/1
display  D   display_settings.c:400  _al_score_display_settings       [   0.04866] Single Buffer requirement not met.
display  D   display_settings.c:214  debug_display_settings           [   0.04870] color: 32 (rgba 8880), depth: 16, stencil: 0, acc: 0000, samples: 0/0
display  D   display_settings.c:400  _al_score_display_settings       [   0.04875] Single Buffer requirement not met.
display  D   display_settings.c:214  debug_display_settings           [   0.04882] color: 32 (rgba 8880), depth: 16, stencil: 0, acc: 0000, samples: 0/0
display  D   display_settings.c:400  _al_score_display_settings       [   0.04886] Single Buffer requirement not met.
display  D   display_settings.c:214  debug_display_settings           [   0.04890] color: 32 (rgba 8880), depth: 16, stencil: 0, acc: 0000, samples: 2/1
display  D   display_settings.c:400  _al_score_display_settings       [   0.04895] Single Buffer requirement not met.
display  D   display_settings.c:214  debug_display_settings           [   0.04899] color: 32 (rgba 8880), depth: 16, stencil: 0, acc: 0000, samples: 3/1
display  D   display_settings.c:400  _al_score_display_settings       [   0.04903] Single Buffer requirement not met.
display  D   display_settings.c:214  debug_display_settings           [   0.04906] color: 32 (rgba 8880), depth: 16, stencil: 0, acc: 0000, samples: 4/1
display  D   display_settings.c:400  _al_score_display_settings       [   0.04911] Single Buffer requirement not met.
display  D   display_settings.c:214  debug_display_settings           [   0.04916] color: 32 (rgba 8880), depth: 16, stencil: 0, acc: 0000, samples: 5/1
display  D   display_settings.c:400  _al_score_display_settings       [   0.04920] Single Buffer requirement not met.
display  D   display_settings.c:214  debug_display_settings           [   0.04924] color: 32 (rgba 8880), depth: 16, stencil: 0, acc: 0000, samples: 6/1
display  D   display_settings.c:400  _al_score_display_settings       [   0.04928] Single Buffer requirement not met.
display  D   display_settings.c:214  debug_display_settings           [   0.04931] color: 32 (rgba 8880), depth: 16, stencil: 0, acc: 0000, samples: 7/1
display  D   display_settings.c:400  _al_score_display_settings       [   0.04935] Single Buffer requirement not met.
display  D   display_settings.c:214  debug_display_settings           [   0.04939] color: 32 (rgba 8880), depth: 16, stencil: 0, acc: 0000, samples: 8/1
display  D   display_settings.c:400  _al_score_display_settings       [   0.04943] Single Buffer requirement not met.
display  D   display_settings.c:214  debug_display_settings           [   0.04947] color: 16 (rgba 5650), depth: 0, stencil: 0, acc: 0000, samples: 0/0
display  D   display_settings.c:400  _al_score_display_settings       [   0.04951] Single Buffer requirement not met.
display  D   display_settings.c:214  debug_display_settings           [   0.04956] color: 16 (rgba 5650), depth: 0, stencil: 0, acc: 0000, samples: 0/0
display  D   display_settings.c:400  _al_score_display_settings       [   0.04961] Single Buffer requirement not met.
display  D   display_settings.c:214  debug_display_settings           [   0.04965] color: 16 (rgba 5650), depth: 0, stencil: 0, acc: 0000, samples: 2/1
display  D   display_settings.c:400  _al_score_display_settings       [   0.04970] Single Buffer requirement not met.
display  D   display_settings.c:214  debug_display_settings           [   0.04974] color: 16 (rgba 5650), depth: 0, stencil: 0, acc: 0000, samples: 3/1
display  D   display_settings.c:400  _al_score_display_settings       [   0.04978] Single Buffer requirement not met.
display  D   display_settings.c:214  debug_display_settings           [   0.04982] color: 16 (rgba 5650), depth: 0, stencil: 0, acc: 0000, samples: 4/1
display  D   display_settings.c:400  _al_score_display_settings       [   0.04987] Single Buffer requirement not met.
display  D   display_settings.c:214  debug_display_settings           [   0.04990] color: 16 (rgba 5650), depth: 0, stencil: 0, acc: 0000, samples: 5/1
display  D   display_settings.c:400  _al_score_display_settings       [   0.04995] Single Buffer requirement not met.
display  D   display_settings.c:214  debug_display_settings           [   0.05000] color: 16 (rgba 5650), depth: 0, stencil: 0, acc: 0000, samples: 6/1
display  D   display_settings.c:400  _al_score_display_settings       [   0.05004] Single Buffer requirement not met.
display  D   display_settings.c:214  debug_display_settings           [   0.05008] color: 16 (rgba 5650), depth: 0, stencil: 0, acc: 0000, samples: 7/1
display  D   display_settings.c:400  _al_score_display_settings       [   0.05013] Single Buffer requirement not met.
display  D   display_settings.c:214  debug_display_settings           [   0.05017] color: 16 (rgba 5650), depth: 0, stencil: 0, acc: 0000, samples: 8/1
display  D   display_settings.c:400  _al_score_display_settings       [   0.05021] Single Buffer requirement not met.
display  D   display_settings.c:214  debug_display_settings           [   0.05025] color: 16 (rgba 5650), depth: 24, stencil: 8, acc: 0000, samples: 0/0
display  D   display_settings.c:400  _al_score_display_settings       [   0.05030] Single Buffer requirement not met.
display  D   display_settings.c:214  debug_display_settings           [   0.05034] color: 16 (rgba 5650), depth: 24, stencil: 8, acc: 0000, samples: 0/0
display  D   display_settings.c:400  _al_score_display_settings       [   0.05038] Single Buffer requirement not met.
display  D   display_settings.c:214  debug_display_settings           [   0.05042] color: 16 (rgba 5650), depth: 24, stencil: 8, acc: 0000, samples: 2/1
display  D   display_settings.c:400  _al_score_display_settings       [   0.05047] Single Buffer requirement not met.
display  D   display_settings.c:214  debug_display_settings           [   0.05051] color: 16 (rgba 5650), depth: 24, stencil: 8, acc: 0000, samples: 3/1
display  D   display_settings.c:400  _al_score_display_settings       [   0.05056] Single Buffer requirement not met.
display  D   display_settings.c:214  debug_display_settings           [   0.05059] color: 16 (rgba 5650), depth: 24, stencil: 8, acc: 0000, samples: 4/1
display  D   display_settings.c:400  _al_score_display_settings       [   0.05062] Single Buffer requirement not met.
display  D   display_settings.c:214  debug_display_settings           [   0.05066] color: 16 (rgba 5650), depth: 24, stencil: 8, acc: 0000, samples: 5/1
display  D   display_settings.c:400  _al_score_display_settings       [   0.05070] Single Buffer requirement not met.
display  D   display_settings.c:214  debug_display_settings           [   0.05074] color: 16 (rgba 5650), depth: 24, stencil: 8, acc: 0000, samples: 6/1
display  D   display_settings.c:400  _al_score_display_settings       [   0.05079] Single Buffer requirement not met.
display  D   display_settings.c:214  debug_display_settings           [   0.05083] color: 16 (rgba 5650), depth: 24, stencil: 8, acc: 0000, samples: 7/1
display  D   display_settings.c:400  _al_score_display_settings       [   0.05086] Single Buffer requirement not met.
display  D   display_settings.c:214  debug_display_settings           [   0.05089] color: 16 (rgba 5650), depth: 24, stencil: 8, acc: 0000, samples: 8/1
display  D   display_settings.c:400  _al_score_display_settings       [   0.05094] Single Buffer requirement not met.
display  D   display_settings.c:214  debug_display_settings           [   0.05099] color: 16 (rgba 5650), depth: 24, stencil: 0, acc: 0000, samples: 0/0
display  D   display_settings.c:400  _al_score_display_settings       [   0.05104] Single Buffer requirement not met.
display  D   display_settings.c:214  debug_display_settings           [   0.05109] color: 16 (rgba 5650), depth: 24, stencil: 0, acc: 0000, samples: 0/0
display  D   display_settings.c:400  _al_score_display_settings       [   0.05113] Single Buffer requirement not met.
display  D   display_settings.c:214  debug_display_settings           [   0.05117] color: 16 (rgba 5650), depth: 24, stencil: 0, acc: 0000, samples: 2/1
display  D   display_settings.c:400  _al_score_display_settings       [   0.05120] Single Buffer requirement not met.
display  D   display_settings.c:214  debug_display_settings           [   0.05125] color: 16 (rgba 5650), depth: 24, stencil: 0, acc: 0000, samples: 3/1
display  D   display_settings.c:400  _al_score_display_settings       [   0.05129] Single Buffer requirement not met.
display  D   display_settings.c:214  debug_display_settings           [   0.05133] color: 16 (rgba 5650), depth: 24, stencil: 0, acc: 0000, samples: 4/1
display  D   display_settings.c:400  _al_score_display_settings       [   0.05138] Single Buffer requirement not met.
display  D   display_settings.c:214  debug_display_settings           [   0.05142] color: 16 (rgba 5650), depth: 24, stencil: 0, acc: 0000, samples: 5/1
display  D   display_settings.c:400  _al_score_display_settings       [   0.05146] Single Buffer requirement not met.
display  D   display_settings.c:214  debug_display_settings           [   0.05150] color: 16 (rgba 5650), depth: 24, stencil: 0, acc: 0000, samples: 6/1
display  D   display_settings.c:400  _al_score_display_settings       [   0.05155] Single Buffer requirement not met.
display  D   display_settings.c:214  debug_display_settings           [   0.05158] color: 16 (rgba 5650), depth: 24, stencil: 0, acc: 0000, samples: 7/1
display  D   display_settings.c:400  _al_score_display_settings       [   0.05163] Single Buffer requirement not met.
display  D   display_settings.c:214  debug_display_settings           [   0.05168] color: 16 (rgba 5650), depth: 24, stencil: 0, acc: 0000, samples: 8/1
display  D   display_settings.c:400  _al_score_display_settings       [   0.05172] Single Buffer requirement not met.
display  D   display_settings.c:214  debug_display_settings           [   0.05176] color: 16 (rgba 5650), depth: 16, stencil: 0, acc: 0000, samples: 0/0
display  D   display_settings.c:400  _al_score_display_settings       [   0.05180] Single Buffer requirement not met.
display  D   display_settings.c:214  debug_display_settings           [   0.05184] color: 16 (rgba 5650), depth: 16, stencil: 0, acc: 0000, samples: 0/0
display  D   display_settings.c:400  _al_score_display_settings       [   0.05187] Single Buffer requirement not met.
display  D   display_settings.c:214  debug_display_settings           [   0.05191] color: 16 (rgba 5650), depth: 16, stencil: 0, acc: 0000, samples: 2/1
display  D   display_settings.c:400  _al_score_display_settings       [   0.05195] Single Buffer requirement not met.
display  D   display_settings.c:214  debug_display_settings           [   0.05200] color: 16 (rgba 5650), depth: 16, stencil: 0, acc: 0000, samples: 3/1
display  D   display_settings.c:400  _al_score_display_settings       [   0.05204] Single Buffer requirement not met.
display  D   display_settings.c:214  debug_display_settings           [   0.05208] color: 16 (rgba 5650), depth: 16, stencil: 0, acc: 0000, samples: 4/1
display  D   display_settings.c:400  _al_score_display_settings       [   0.05212] Single Buffer requirement not met.
display  D   display_settings.c:214  debug_display_settings           [   0.05216] color: 16 (rgba 5650), depth: 16, stencil: 0, acc: 0000, samples: 5/1
display  D   display_settings.c:400  _al_score_display_settings       [   0.05221] Single Buffer requirement not met.
display  D   display_settings.c:214  debug_display_settings           [   0.05225] color: 16 (rgba 5650), depth: 16, stencil: 0, acc: 0000, samples: 6/1
display  D   display_settings.c:400  _al_score_display_settings       [   0.05229] Single Buffer requirement not met.
display  D   display_settings.c:214  debug_display_settings           [   0.05233] color: 16 (rgba 5650), depth: 16, stencil: 0, acc: 0000, samples: 7/1
display  D   display_settings.c:400  _al_score_display_settings       [   0.05236] Single Buffer requirement not met.
display  D   display_settings.c:214  debug_display_settings           [   0.05240] color: 16 (rgba 5650), depth: 16, stencil: 0, acc: 0000, samples: 8/1
display  D   display_settings.c:400  _al_score_display_settings       [   0.05245] Single Buffer requirement not met.
d3d      D         d3d_disp.cpp:1677 d3d_create_display_internals     [   0.05253] Trying format 0.
d3d      I         d3d_disp.cpp:1353 d3d_display_thread_proc          [   0.05428] Chose a display format: 23
d3d      I         d3d_disp.cpp:1422 d3d_display_thread_proc          [   0.05435] Normal window.
d3d      I         d3d_disp.cpp:786  d3d_create_device                [   0.07371] Using no depth stencil buffer
d3d      D         d3d_disp.cpp:848  d3d_create_device                [   0.09130] BeginScene succeeded in create_device
d3d      D         d3d_disp.cpp:856  d3d_create_device                [   0.09139] Success
d3d      D         d3d_disp.cpp:1703 d3d_create_display_internals     [   0.09147] Resumed after wait.
d3d      I         d3d_disp.cpp:1736 d3d_create_display_internals     [   0.09158] Format 0 succeeded.
d3d      D         d3d_disp.cpp:1767 d3d_create_display_internals     [   0.09164] Returning d3d_display: 000001C512E64530
d3d      D         d3d_disp.cpp:1792 d3d_create_display_locked        [   0.09170] al_display=000001C512E64530
d3d      D         d3d_disp.cpp:1793 d3d_create_display_locked        [   0.09176] al_display->vt=000001C512E3E340
system   D            wsystem.c:834  maybe_parent_dir                 [   0.09199] Also searching C:\Users\filli\OneDrive\Documentos\GitHub\BCC-Alegro\Enigma-Elementos\x64\
system   D            wsystem.c:889  _al_win_safe_load_library        [   0.09214] PathFindOnPath found: C:\WINDOWS\system32\d3dx9_43.dll
system   D            wsystem.c:795  load_library_at_path             [   0.09220] Calling LoadLibrary C:\WINDOWS\system32\d3dx9_43.dll
system   I            wsystem.c:798  load_library_at_path             [   0.09338] Loaded C:\WINDOWS\system32\d3dx9_43.dll
d3dx9    I        d3d_d3dx9.cpp:88   _imp_load_d3dx9_module_version   [   0.09346] Module "d3dx9_43.dll" loaded.
dtor     D               dtor.c:196  _al_register_destructor          [   0.09355] added dtor for timer 000001C514C23F20, func 00007FFFD66B1050
dtor     D               dtor.c:196  _al_register_destructor          [   0.09362] added dtor for queue 000001C514D1D120, func 00007FFFD66B1C30
stdio    D         file_stdio.c:110  file_stdio_fopen                 [   0.09368] opening ./assets/mapa.png rb
stdio    D         file_stdio.c:110  file_stdio_fopen                 [   0.09383] opening ./assets/mapa.png rb
d3d      D         d3d_disp.cpp:1197 real_choose_bitmap_format        [   0.09399] Fake format
d3d      D         d3d_disp.cpp:1197 real_choose_bitmap_format        [   0.09404] Fake format
d3d      D         d3d_disp.cpp:1197 real_choose_bitmap_format        [   0.09410] Fake format
d3d      D         d3d_disp.cpp:1197 real_choose_bitmap_format        [   0.09414] Fake format
d3d      D         d3d_disp.cpp:1197 real_choose_bitmap_format        [   0.09419] Fake format
d3d      D         d3d_disp.cpp:1197 real_choose_bitmap_format        [   0.09423] Fake format
d3d      D         d3d_disp.cpp:1197 real_choose_bitmap_format        [   0.09427] Fake format
d3d      D         d3d_disp.cpp:1197 real_choose_bitmap_format        [   0.09431] Fake format
d3d      D         d3d_disp.cpp:1197 real_choose_bitmap_format        [   0.09434] Fake format
d3d      D         d3d_disp.cpp:1205 real_choose_bitmap_format        [   0.09438] Alpha doesn't match
d3d      D         d3d_disp.cpp:1212 real_choose_bitmap_format        [   0.09442] Adapter format is 23
d3d      D         d3d_disp.cpp:1215 real_choose_bitmap_format        [   0.09446] Found a format
d3d      I         d3d_disp.cpp:2388 d3d_create_bitmap                [   0.09449] Chose bitmap format 9
dtor     D               dtor.c:196  _al_register_destructor          [   0.09527] added dtor for bitmap 000001C519DDC230, func 00007FFFD66B118B
stdio    D         file_stdio.c:110  file_stdio_fopen                 [   0.13350] opening ./assets/andando.png rb
stdio    D         file_stdio.c:110  file_stdio_fopen                 [   0.13372] opening ./assets/andando.png rb
d3d      D         d3d_disp.cpp:1197 real_choose_bitmap_format        [   0.13387] Fake format
d3d      D         d3d_disp.cpp:1197 real_choose_bitmap_format        [   0.13394] Fake format
d3d      D         d3d_disp.cpp:1197 real_choose_bitmap_format        [   0.13400] Fake format
d3d      D         d3d_disp.cpp:1197 real_choose_bitmap_format        [   0.13405] Fake format
d3d      D         d3d_disp.cpp:1197 real_choose_bitmap_format        [   0.13411] Fake format
d3d      D         d3d_disp.cpp:1197 real_choose_bitmap_format        [   0.13418] Fake format
d3d      D         d3d_disp.cpp:1197 real_choose_bitmap_format        [   0.13424] Fake format
d3d      D         d3d_disp.cpp:1197 real_choose_bitmap_format        [   0.13429] Fake format
d3d      D         d3d_disp.cpp:1197 real_choose_bitmap_format        [   0.13434] Fake format
d3d      D         d3d_disp.cpp:1205 real_choose_bitmap_format        [   0.13440] Alpha doesn't match
d3d      D         d3d_disp.cpp:1212 real_choose_bitmap_format        [   0.13445] Adapter format is 23
d3d      D         d3d_disp.cpp:1215 real_choose_bitmap_format        [   0.13451] Found a format
d3d      I         d3d_disp.cpp:2388 d3d_create_bitmap                [   0.13456] Chose bitmap format 9
dtor     D               dtor.c:196  _al_register_destructor          [   0.13484] added dtor for bitmap 000001C519DEAD60, func 00007FFFD66B118B
d3d      D          d3d_bmp.cpp:539  _al_d3d_sync_bitmap              [   0.16802] _al_d3d_sync_bitmap (system) ref count == 1
d3d      D          d3d_bmp.cpp:545  _al_d3d_sync_bitmap              [   0.16820] _al_d3d_sync_bitmap (video) ref count == 1
d3d      D          d3d_bmp.cpp:539  _al_d3d_sync_bitmap              [   0.17171] _al_d3d_sync_bitmap (system) ref count == 1
d3d      D          d3d_bmp.cpp:545  _al_d3d_sync_bitmap              [   0.17183] _al_d3d_sync_bitmap (video) ref count == 1
dtor     D               dtor.c:227  _al_unregister_destructor        [  23.01158] removed dtor for bitmap 000001C519DDC230
dtor     D               dtor.c:227  _al_unregister_destructor        [  23.01261] removed dtor for bitmap 000001C519DEAD60
d3d      I         d3d_disp.cpp:910  d3d_destroy_display              [  23.01286] destroying display 000001C512E64530 (current 0000000000000000)
d3d      D         d3d_disp.cpp:894  d3d_destroy_display_internals    [  23.01534] waiting for display 000001C512E64530's thread to end
d3d      W         d3d_disp.cpp:603  d3d_destroy_device               [  23.02175] d3d_destroy_device: ref count not 0
d3d      I         d3d_disp.cpp:1557 d3d_display_thread_proc          [  23.02784] d3d display thread exits
dtor     D               dtor.c:227  _al_unregister_destructor        [  23.02856] removed dtor for queue 000001C514D1D120
dtor     D               dtor.c:116  _al_run_destructors              [  23.02865] calling dtor for timer 000001C514C23F20, func 00007FFFD66B1050
dtor     D               dtor.c:227  _al_unregister_destructor        [  23.02872] removed dtor for timer 000001C514C23F20
